<?xml version="1.0" encoding="UTF-8"?>
<!-- Generated by org.testng.reporters.JUnitReportReporter -->
<testsuite skipped="0" hostname="Saif" name="com.acorns.testcases.AccountLogInPageTest" tests="2" failures="0" timestamp="07 Sep 2018 03:34:51 GMT" time="97.864" errors="0">
  <testcase name="loginTest" time="48.243" classname="com.acorns.testcases.AccountLogInPageTest"/>
  <testcase name="loginTest" time="49.621" classname="com.acorns.testcases.AccountLogInPageTest"/>
</testsuite> <!-- com.acorns.testcases.AccountLogInPageTest -->
